<?xml version="1.0" encoding="utf-8"?><testsuites name="pytest tests"><testsuite name="pytest" errors="0" failures="1" skipped="0" tests="24" time="7.518" timestamp="2026-05-02T15:56:26.775784+00:00" hostname="agent-env-ba202d3c-e65f-4e9d-8fed-3e531a356da6"><testcase classname="backend.tests.backend_test.TestAuth" name="test_login_admin" time="0.563" /><testcase classname="backend.tests.backend_test.TestAuth" name="test_login_member" time="0.403" /><testcase classname="backend.tests.backend_test.TestAuth" name="test_login_bad_password" time="0.389" /><testcase classname="backend.tests.backend_test.TestAuth" name="test_me_requires_token" time="0.115" /><testcase classname="backend.tests.backend_test.TestAuth" name="test_me_with_token" time="0.142" /><testcase classname="backend.tests.backend_test.TestAuth" name="test_signup_new_user" time="0.338"><failure message="AssertionError: assert 'test_bc88f59d@example.com' == 'TEST_bc88f59d@example.com'&#10;  &#10;  - TEST_bc88f59d@example.com&#10;  ? ^^^^&#10;  + test_bc88f59d@example.com&#10;  ? ^^^^">backend/tests/backend_test.py:80: in test_signup_new_user
    assert data["user"]["email"] == email
E   AssertionError: assert 'test_bc88f59d@example.com' == 'TEST_bc88f59d@example.com'
E     
E     - TEST_bc88f59d@example.com
E     ? ^^^^
E     + test_bc88f59d@example.com
E     ? ^^^^</failure></testcase><testcase classname="backend.tests.backend_test.TestProjects" name="test_list_projects_admin" time="0.105" /><testcase classname="backend.tests.backend_test.TestProjects" name="test_list_projects_member" time="0.105" /><testcase classname="backend.tests.backend_test.TestProjects" name="test_member_cannot_create_project" time="0.132" /><testcase classname="backend.tests.backend_test.TestProjects" name="test_admin_create_update_delete_project" time="0.753" /><testcase classname="backend.tests.backend_test.TestProjects" name="test_member_cannot_view_unrelated_project" time="0.366" /><testcase classname="backend.tests.backend_test.TestProjects" name="test_member_cannot_update_project" time="0.335" /><testcase classname="backend.tests.backend_test.TestProjects" name="test_add_remove_member" time="0.438" /><testcase classname="backend.tests.backend_test.TestTasks" name="test_member_cannot_create_task" time="0.517" /><testcase classname="backend.tests.backend_test.TestTasks" name="test_admin_create_task" time="0.102" /><testcase classname="backend.tests.backend_test.TestTasks" name="test_list_project_tasks" time="0.103" /><testcase classname="backend.tests.backend_test.TestTasks" name="test_list_mine" time="0.111" /><testcase classname="backend.tests.backend_test.TestTasks" name="test_assignee_can_update_status_only" time="0.232" /><testcase classname="backend.tests.backend_test.TestTasks" name="test_non_assignee_member_forbidden" time="0.697" /><testcase classname="backend.tests.backend_test.TestTasks" name="test_admin_delete_task" time="0.110" /><testcase classname="backend.tests.backend_test.TestTasks" name="test_member_cannot_delete" time="0.481" /><testcase classname="backend.tests.backend_test.TestDashboard" name="test_stats_admin" time="0.108" /><testcase classname="backend.tests.backend_test.TestDashboard" name="test_stats_member" time="0.123" /><testcase classname="backend.tests.backend_test.TestDashboard" name="test_overdue_computation" time="0.560" /></testsuite></testsuites>