<?xml version="1.0" encoding="utf-8"?><testsuites name="pytest tests"><testsuite name="pytest" errors="0" failures="0" skipped="0" tests="33" time="25.483" timestamp="2026-05-02T19:15:03.532763+00:00" hostname="agent-env-a709cb7c-d0ce-48fd-8a8b-353c6ee978e1"><testcase classname="backend.tests.backend_test.TestHealth" name="test_root" time="3.169" /><testcase classname="backend.tests.backend_test.TestHealth" name="test_health" time="0.050" /><testcase classname="backend.tests.backend_test.TestAuth" name="test_login_admin" time="0.385" /><testcase classname="backend.tests.backend_test.TestAuth" name="test_login_member" time="0.358" /><testcase classname="backend.tests.backend_test.TestAuth" name="test_login_invalid" time="0.358" /><testcase classname="backend.tests.backend_test.TestAuth" name="test_login_missing_fields" time="0.046" /><testcase classname="backend.tests.backend_test.TestAuth" name="test_signup_and_login" time="0.894" /><testcase classname="backend.tests.backend_test.TestAuth" name="test_signup_short_password" time="0.048" /><testcase classname="backend.tests.backend_test.TestAuth" name="test_me_with_token" time="0.291" /><testcase classname="backend.tests.backend_test.TestAuth" name="test_me_without_token" time="0.049" /><testcase classname="backend.tests.backend_test.TestAuth" name="test_me_invalid_token" time="0.052" /><testcase classname="backend.tests.backend_test.TestAuth" name="test_logout" time="0.288" /><testcase classname="backend.tests.backend_test.TestMisc" name="test_list_users_requires_auth" time="0.048" /><testcase classname="backend.tests.backend_test.TestMisc" name="test_list_users_as_admin" time="0.520" /><testcase classname="backend.tests.backend_test.TestMisc" name="test_dashboard_stats_admin" time="1.952" /><testcase classname="backend.tests.backend_test.TestMisc" name="test_dashboard_stats_member" time="2.164" /><testcase classname="backend.tests.backend_test.TestProjects" name="test_admin_create_project" time="1.044" /><testcase classname="backend.tests.backend_test.TestProjects" name="test_member_cannot_create_project" time="0.287" /><testcase classname="backend.tests.backend_test.TestProjects" name="test_list_projects_admin" time="0.523" /><testcase classname="backend.tests.backend_test.TestProjects" name="test_member_cannot_see_admin_only_project" time="1.030" /><testcase classname="backend.tests.backend_test.TestProjects" name="test_admin_add_member" time="0.998" /><testcase classname="backend.tests.backend_test.TestProjects" name="test_member_can_now_view" time="0.514" /><testcase classname="backend.tests.backend_test.TestProjects" name="test_admin_update_project" time="1.297" /><testcase classname="backend.tests.backend_test.TestProjects" name="test_member_cannot_update" time="0.286" /><testcase classname="backend.tests.backend_test.TestTasks" name="test_admin_create_task_for_member" time="0.985" /><testcase classname="backend.tests.backend_test.TestTasks" name="test_member_cannot_create_task" time="0.288" /><testcase classname="backend.tests.backend_test.TestTasks" name="test_list_tasks_by_project" time="0.751" /><testcase classname="backend.tests.backend_test.TestTasks" name="test_tasks_mine_for_member" time="0.524" /><testcase classname="backend.tests.backend_test.TestTasks" name="test_member_can_update_status_of_own_task" time="0.748" /><testcase classname="backend.tests.backend_test.TestTasks" name="test_member_cannot_update_unassigned_task" time="1.316" /><testcase classname="backend.tests.backend_test.TestTasks" name="test_member_cannot_delete_task" time="0.284" /><testcase classname="backend.tests.backend_test.TestTasks" name="test_admin_delete_task" time="1.523" /><testcase classname="backend.tests.backend_test.TestZCleanup" name="test_remove_member_and_delete_project" time="2.261" /></testsuite></testsuites>